2025-12-08 03:10:38,365 - INFO - ================================================================================
2025-12-08 03:10:38,365 - INFO - Travel Insurance Test Automation Scheduler Started
2025-12-08 03:10:38,365 - INFO - Tests will run every 5 minutes
2025-12-08 03:10:38,365 - INFO - Environment: production
2025-12-08 03:10:38,366 - INFO - ================================================================================
2025-12-08 03:10:38,366 - INFO - 
2025-12-08 03:10:38,366 - INFO - Running initial test on startup...
2025-12-08 03:10:38,366 - INFO - ================================================================================
2025-12-08 03:10:38,366 - INFO - Starting scheduled test at 2025-12-08 03:10:38
2025-12-08 03:10:38,366 - INFO - ================================================================================
2025-12-08 03:10:38,502 - ERROR - ❌ Test failed: BrowserType.launch: Executable doesn't exist at /home/appuser/.cache/ms-playwright/chromium_headless_shell-1194/chrome-linux/headless_shell
╔════════════════════════════════════════════════════════════╗
║ Looks like Playwright was just installed or updated.       ║
║ Please run the following command to download new browsers: ║
║                                                            ║
║     playwright install                                     ║
║                                                            ║
║ <3 Playwright Team                                         ║
╚════════════════════════════════════════════════════════════╝
2025-12-08 03:10:38,502 - INFO - ================================================================================
2025-12-08 03:10:38,502 - INFO - 
2025-12-08 03:10:38,502 - INFO - Scheduler initialized - Next run in 5 minutes
2025-12-08 03:10:38,502 - INFO - ================================================================================
2025-12-08 03:10:38,502 - INFO - 
2025-12-08 03:21:30,848 - INFO - ================================================================================
2025-12-08 03:21:30,848 - INFO - Travel Insurance Test Automation Scheduler Started
2025-12-08 03:21:30,848 - INFO - Tests will run every 5 minutes
2025-12-08 03:21:30,848 - INFO - Environment: production
2025-12-08 03:21:30,848 - INFO - ================================================================================
2025-12-08 03:21:30,848 - INFO - 
2025-12-08 03:21:30,848 - INFO - Running initial test on startup...
2025-12-08 03:21:30,848 - INFO - ================================================================================
2025-12-08 03:21:30,849 - INFO - Starting scheduled test at 2025-12-08 03:21:30
2025-12-08 03:21:30,849 - INFO - ================================================================================
2025-12-08 03:22:07,370 - INFO - Test completed successfully!
2025-12-08 03:22:07,371 - INFO - ================================================================================
2025-12-08 03:22:07,371 - INFO - 
2025-12-08 03:22:07,371 - INFO - Scheduler initialized - Next run in 5 minutes
2025-12-08 03:22:07,371 - INFO - ================================================================================
2025-12-08 03:22:07,371 - INFO - 
2025-12-08 03:27:08,358 - INFO - ================================================================================
2025-12-08 03:27:08,359 - INFO - Starting scheduled test at 2025-12-08 03:27:08
2025-12-08 03:27:08,360 - INFO - ================================================================================
2025-12-08 03:27:37,938 - INFO - Test completed successfully!
2025-12-08 03:27:37,938 - INFO - ================================================================================
2025-12-08 03:27:37,938 - INFO - 
2025-12-08 03:32:38,081 - INFO - ================================================================================
2025-12-08 03:32:38,084 - INFO - Starting scheduled test at 2025-12-08 03:32:38
2025-12-08 03:32:38,086 - INFO - ================================================================================
2025-12-08 03:33:14,724 - INFO - Test completed successfully!
2025-12-08 03:33:14,724 - INFO - ================================================================================
2025-12-08 03:33:14,724 - INFO - 
2025-12-08 03:46:52,779 - INFO - ================================================================================
2025-12-08 03:46:52,779 - INFO - Travel Insurance Test Automation Scheduler Started
2025-12-08 03:46:52,779 - INFO - Tests will run every 1 hour
2025-12-08 03:46:52,780 - INFO - Environment: production
2025-12-08 03:46:52,780 - INFO - ================================================================================
2025-12-08 03:46:52,780 - INFO - 
2025-12-08 03:46:52,780 - INFO - Running initial test on startup...
2025-12-08 03:46:52,780 - INFO - ================================================================================
2025-12-08 03:46:52,780 - INFO - Starting scheduled test at 2025-12-08 03:46:52
2025-12-08 03:46:52,780 - INFO - ================================================================================
2025-12-08 03:47:22,458 - INFO - Test completed successfully!
2025-12-08 03:47:22,458 - INFO - ================================================================================
2025-12-08 03:47:22,458 - INFO - 
2025-12-08 03:47:22,458 - INFO - Scheduler initialized - Next run in 1 hour
2025-12-08 03:47:22,458 - INFO - ================================================================================
2025-12-08 03:47:22,458 - INFO - 
2025-12-08 03:50:53,157 - INFO - ================================================================================
2025-12-08 03:50:53,157 - INFO - Travel Insurance Test Automation Scheduler Started
2025-12-08 03:50:53,157 - INFO - Tests will run every 1 hour
2025-12-08 03:50:53,158 - INFO - Environment: production
2025-12-08 03:50:53,158 - INFO - ================================================================================
2025-12-08 03:50:53,158 - INFO - 
2025-12-08 03:50:53,158 - INFO - Running initial test on startup...
2025-12-08 03:50:53,158 - INFO - ================================================================================
2025-12-08 03:50:53,158 - INFO - Starting scheduled test at 2025-12-08 03:50:53
2025-12-08 03:50:53,158 - INFO - ================================================================================
2025-12-08 03:51:22,591 - INFO - Test completed successfully!
2025-12-08 03:51:22,592 - INFO - ================================================================================
2025-12-08 03:51:22,592 - INFO - 
2025-12-08 03:51:22,592 - INFO - Scheduler initialized - Next run in 1 hour
2025-12-08 03:51:22,592 - INFO - ================================================================================
2025-12-08 03:51:22,592 - INFO - 
2025-12-08 04:06:06,716 - INFO - ================================================================================
2025-12-08 04:06:06,716 - INFO - Travel Insurance Test Automation Scheduler Started
2025-12-08 04:06:06,716 - INFO - Tests will run every 1 hour
2025-12-08 04:06:06,716 - INFO - Environment: production
2025-12-08 04:06:06,717 - INFO - ================================================================================
2025-12-08 04:06:06,717 - INFO - 
2025-12-08 04:06:06,717 - INFO - Running initial test on startup...
2025-12-08 04:06:06,717 - INFO - ================================================================================
2025-12-08 04:06:06,717 - INFO - Starting scheduled test at 2025-12-08 04:06:06
2025-12-08 04:06:06,717 - INFO - ================================================================================
2025-12-08 04:06:36,878 - INFO - Test completed successfully!
2025-12-08 04:06:36,878 - INFO - ================================================================================
2025-12-08 04:06:36,878 - INFO - 
2025-12-08 04:06:36,879 - INFO - Scheduler initialized - Next run in 1 hour
2025-12-08 04:06:36,879 - INFO - ================================================================================
2025-12-08 04:06:36,879 - INFO - 
2025-12-08 04:20:05,102 - INFO - ================================================================================
2025-12-08 04:20:05,102 - INFO - Travel Insurance Test Automation Scheduler Started
2025-12-08 04:20:05,102 - INFO - Tests will run every 1 hour
2025-12-08 04:20:05,102 - INFO - Environment: production
2025-12-08 04:20:05,102 - INFO - ================================================================================
2025-12-08 04:20:05,102 - INFO - 
2025-12-08 04:20:05,102 - INFO - Running initial test on startup...
2025-12-08 04:20:05,102 - INFO - ================================================================================
2025-12-08 04:20:05,102 - INFO - Starting scheduled test at 2025-12-08 04:20:05
2025-12-08 04:20:05,103 - INFO - ================================================================================
2025-12-08 04:20:34,890 - INFO - Test completed successfully!
2025-12-08 04:20:34,890 - INFO - ================================================================================
2025-12-08 04:20:34,890 - INFO - 
2025-12-08 04:20:34,890 - INFO - Scheduler initialized - Next run in 1 hour
2025-12-08 04:20:34,890 - INFO - ================================================================================
2025-12-08 04:20:34,890 - INFO - 
